<?xml version="1.0" encoding="UTF-8"?>
<!-- Generated by org.testng.reporters.JUnitXMLReporter -->
<testsuite ignored="2" hostname="NavyaPC" failures="0" tests="18" name="Test" time="3.226" errors="0" timestamp="2022-09-20T19:07:31 IST">
  <testcase classname="com.figbytes.Test.BaseClass" name="@BeforeSuite beforeSuite" time="-1.663681048511E9">
    <failure type="org.testng.TestNGException" message="
Parameter &amp;apos;browserName&amp;apos; is required by BeforeSuite on method beforeSuite but has not been marked @Optional or defined
in C:\FBQAAutomation\testngpa.xml">
      <![CDATA[org.testng.TestNGException: 
Parameter 'browserName' is required by BeforeSuite on method beforeSuite but has not been marked @Optional or defined
in C:\FBQAAutomation\testngpa.xml
... Removed 16 stack frames]]>
    </failure>
  </testcase> <!-- @BeforeSuite beforeSuite -->
  <testcase classname="com.figbytes.Test.Administration_DataApproval_Test" name="loginContributorTest" time="0.0">
    <skipped/>
  </testcase> <!-- loginContributorTest -->
  <testcase classname="com.figbytes.Test.Administration_DataRejection_Test" name="loginContributorTest" time="0.0">
    <skipped/>
  </testcase> <!-- loginContributorTest -->
  <testcase classname="com.figbytes.Test.Administration_DataApproval_Test" name="contributorDataProcess" time="0.0">
    <skipped/>
  </testcase> <!-- contributorDataProcess -->
  <testcase classname="com.figbytes.Test.Administration_DataApproval_Test" name="contributorLogOut" time="0.0">
    <skipped/>
  </testcase> <!-- contributorLogOut -->
  <testcase classname="com.figbytes.Test.Administration_DataRejection_Test" name="contributorDataProcess" time="0.0">
    <skipped/>
  </testcase> <!-- contributorDataProcess -->
  <testcase classname="com.figbytes.Test.Administration_DataRejection_Test" name="contributorLogOut" time="0.0">
    <skipped/>
  </testcase> <!-- contributorLogOut -->
  <testcase classname="com.figbytes.Test.Administration_DataApproval_Test" name="loginTest" time="0.0">
    <skipped/>
  </testcase> <!-- loginTest -->
  <testcase classname="com.figbytes.Test.Administration_DataApproval_Test" name="contributor" time="0.0">
    <skipped/>
  </testcase> <!-- contributor -->
  <testcase classname="com.figbytes.Test.Administration_DataApproval_Test" name="AdminlogoutTest" time="0.0">
    <skipped/>
  </testcase> <!-- AdminlogoutTest -->
  <testcase classname="com.figbytes.Test.Administration_DataRejection_Test" name="loginTest" time="0.0">
    <skipped/>
  </testcase> <!-- loginTest -->
  <testcase classname="com.figbytes.Test.Administration_DataRejection_Test" name="contributor" time="0.0">
    <skipped/>
  </testcase> <!-- contributor -->
  <testcase classname="com.figbytes.Test.Administration_DataRejection_Test" name="AdminlogoutTest" time="0.0">
    <skipped/>
  </testcase> <!-- AdminlogoutTest -->
  <testcase classname="com.figbytes.Test.Administration_DataRejection_Test" name="ReloginContributorTest" time="0.0">
    <skipped/>
  </testcase> <!-- ReloginContributorTest -->
  <testcase classname="com.figbytes.Test.Administration_DataRejection_Test" name="verifyStatusValue" time="0.0">
    <skipped/>
  </testcase> <!-- verifyStatusValue -->
  <testcase classname="com.figbytes.Test.Administration_DataRejection_Test" name="contributorReLogOut" time="0.0">
    <skipped/>
  </testcase> <!-- contributorReLogOut -->
  <testcase classname="com.figbytes.Test.Administration_DataApproval_Test" name="ReloginContributorTest" time="0.0">
    <skipped/>
  </testcase> <!-- ReloginContributorTest -->
  <testcase classname="com.figbytes.Test.Administration_DataApproval_Test" name="verifyStatusValue" time="0.0">
    <skipped/>
  </testcase> <!-- verifyStatusValue -->
  <testcase classname="com.figbytes.Test.Administration_DataApproval_Test" name="contributorReLogOut" time="0.0">
    <skipped/>
  </testcase> <!-- contributorReLogOut -->
  <testcase classname="com.figbytes.Test.BaseClass" name="@BeforeSuite beforeSuite" time="0.0">
    <ignored/>
  </testcase> <!-- @BeforeSuite beforeSuite -->
  <testcase classname="com.figbytes.Test.BaseClass" name="@AfterSuite afterSuite" time="0.0">
    <ignored/>
  </testcase> <!-- @AfterSuite afterSuite -->
</testsuite> <!-- Test -->
